#
# There is insufficient memory for the Java Runtime Environment to continue.
# Native memory allocation (malloc) failed to allocate 81520 bytes for Chunk::new
# Possible reasons:
#   The system is out of physical RAM or swap space
#   The process is running with CompressedOops enabled, and the Java Heap may be blocking the growth of the native heap
# Possible solutions:
#   Reduce memory load on the system
#   Increase physical memory or swap space
#   Check if swap backing store is full
#   Decrease Java heap size (-Xmx/-Xms)
#   Decrease number of Java threads
#   Decrease Java thread stack sizes (-Xss)
#   Set larger code cache with -XX:ReservedCodeCacheSize=
#   JVM is running with Unscaled Compressed Oops mode in which the Java heap is
#     placed in the first 4GB address space. The Java Heap base address is the
#     maximum limit for the native heap growth. Please use -XX:HeapBaseMinAddress
#     to set the Java Heap base and to place the Java Heap above 4GB virtual address.
# This output file may be truncated or incomplete.
#
#  Out of Memory Error (allocation.cpp:389), pid=16608, tid=0x0000000000004290
#
# JRE version: OpenJDK Runtime Environment (8.0_242-b01) (build 1.8.0_242-release-1644-b01)
# Java VM: OpenJDK 64-Bit Server VM (25.242-b01 mixed mode windows-amd64 compressed oops)
# Failed to write core dump. Minidumps are not enabled by default on client versions of Windows
#

---------------  T H R E A D  ---------------

Current thread (0x00000000188df800):  JavaThread "C2 CompilerThread1" daemon [_thread_in_native, id=17040, stack(0x000000001a020000,0x000000001a120000)]

Stack: [0x000000001a020000,0x000000001a120000]
[error occurred during error reporting (printing stack bounds), id 0xc0000005]

Native frames: (J=compiled Java code, j=interpreted, Vv=VM code, C=native code)


Current CompileTask:
C2: 980433 18744 %     4       org.gradle.api.internal.tasks.compile.incremental.asm.ClassDependenciesVisitor::collectRemainingClassDependencies @ 9 (129 bytes)


---------------  P R O C E S S  ---------------

Java Threads: ( => current thread )
  0x00000000201bd800 JavaThread "Cache worker for Java compile cache (C:\Users\User\Desktop\Android_App\MedabinFinal\.gradle\6.1.1\javaCompile)" [_thread_blocked, id=16612, stack(0x000000002f0e0000,0x000000002f1e0000)]
  0x00000000201b7800 JavaThread "Cache worker for Java compile cache (C:\Users\User\.gradle\caches\6.1.1\javaCompile)" [_thread_blocked, id=1616, stack(0x000000002ecb0000,0x000000002edb0000)]
  0x00000000201b9800 JavaThread "WorkerExecutor Queue Thread 9" [_thread_blocked, id=18724, stack(0x000000002e9b0000,0x000000002eab0000)]
  0x00000000201bb000 JavaThread "stdout" [_thread_in_native, id=2560, stack(0x000000002e8b0000,0x000000002e9b0000)]
  0x00000000201b0800 JavaThread "stderr" [_thread_in_native, id=7932, stack(0x000000002e7b0000,0x000000002e8b0000)]
  0x00000000201b6000 JavaThread "stdout" [_thread_in_native, id=7532, stack(0x000000002e6b0000,0x000000002e7b0000)]
  0x00000000201ae800 JavaThread "stderr" [_thread_in_native, id=9544, stack(0x000000002e5b0000,0x000000002e6b0000)]
  0x00000000201b3000 JavaThread "stdout" [_thread_in_native, id=6084, stack(0x000000002e4b0000,0x000000002e5b0000)]
  0x00000000201b5000 JavaThread "stderr" [_thread_in_native, id=6676, stack(0x000000002e3b0000,0x000000002e4b0000)]
  0x00000000201b0000 JavaThread "stdout" [_thread_in_native, id=16440, stack(0x000000002e2b0000,0x000000002e3b0000)]
  0x00000000201b2000 JavaThread "stderr" [_thread_in_native, id=3288, stack(0x000000002e1b0000,0x000000002e2b0000)]
  0x00000000201b1800 JavaThread "stdout" [_thread_in_native, id=18452, stack(0x000000002e0b0000,0x000000002e1b0000)]
  0x00000000201af000 JavaThread "stderr" [_thread_in_native, id=2868, stack(0x000000002dfb0000,0x000000002e0b0000)]
  0x00000000201b4800 JavaThread "stdout" [_thread_in_native, id=2672, stack(0x000000002deb0000,0x000000002dfb0000)]
  0x00000000201b3800 JavaThread "stderr" [_thread_in_native, id=15156, stack(0x000000002ddb0000,0x000000002deb0000)]
  0x0000000021acd000 JavaThread "WorkerExecutor Queue Thread 8" [_thread_blocked, id=2804, stack(0x000000002dcb0000,0x000000002ddb0000)]
  0x0000000021acb800 JavaThread "WorkerExecutor Queue Thread 7" [_thread_blocked, id=8292, stack(0x000000002dbb0000,0x000000002dcb0000)]
  0x0000000021acb000 JavaThread "WorkerExecutor Queue Thread 6" [_thread_blocked, id=16024, stack(0x000000002dab0000,0x000000002dbb0000)]
  0x0000000021aca000 JavaThread "WorkerExecutor Queue Thread 5" [_thread_blocked, id=16556, stack(0x000000002d9b0000,0x000000002dab0000)]
  0x0000000021ac8000 JavaThread "WorkerExecutor Queue Thread 4" [_thread_blocked, id=10408, stack(0x000000002d8b0000,0x000000002d9b0000)]
  0x0000000021acc800 JavaThread "WorkerExecutor Queue Thread 3" [_thread_blocked, id=1996, stack(0x000000002d7b0000,0x000000002d8b0000)]
  0x0000000021ac7000 JavaThread "WorkerExecutor Queue Thread 2" [_thread_blocked, id=13976, stack(0x000000002d6b0000,0x000000002d7b0000)]
  0x0000000021ac9800 JavaThread "WorkerExecutor Queue" [_thread_blocked, id=7004, stack(0x000000002d330000,0x000000002d430000)]
  0x0000000021ac2000 JavaThread "stdout" [_thread_in_native, id=11552, stack(0x000000002d0e0000,0x000000002d1e0000)]
  0x0000000021ac0800 JavaThread "stderr" [_thread_in_native, id=13764, stack(0x000000002ced0000,0x000000002cfd0000)]
  0x0000000021abf000 JavaThread "stdout" [_thread_in_native, id=9768, stack(0x000000002cdd0000,0x000000002ced0000)]
  0x0000000021ac1000 JavaThread "stderr" [_thread_in_native, id=14160, stack(0x000000002ccd0000,0x000000002cdd0000)]
  0x0000000021ac3800 JavaThread "pool-10-thread-1" [_thread_blocked, id=13440, stack(0x000000002cbd0000,0x000000002ccd0000)]
  0x0000000021ac5800 JavaThread "Cache worker for execution history cache (C:\Users\User\Desktop\Android_App\MedabinFinal\.gradle\6.1.1\executionHistory)" [_thread_blocked, id=15016, stack(0x000000002d230000,0x000000002d330000)]
  0x0000000021ac2800 JavaThread "Execution worker for ':' Thread 11" [_thread_blocked, id=7808, stack(0x000000002c8d0000,0x000000002c9d0000)]
  0x0000000021ac5000 JavaThread "Execution worker for ':' Thread 10" [_thread_blocked, id=9848, stack(0x000000002b790000,0x000000002b890000)]
  0x0000000021abe000 JavaThread "Execution worker for ':' Thread 9" [_thread_blocked, id=16788, stack(0x000000002a640000,0x000000002a740000)]
  0x000000001c05d800 JavaThread "Execution worker for ':' Thread 8" [_thread_blocked, id=11296, stack(0x000000002a540000,0x000000002a640000)]
  0x000000001c05c000 JavaThread "Execution worker for ':' Thread 7" [_thread_blocked, id=11468, stack(0x000000002a440000,0x000000002a540000)]
  0x000000001c061000 JavaThread "Execution worker for ':' Thread 6" [_thread_blocked, id=8964, stack(0x000000002a340000,0x000000002a440000)]
  0x000000001c060800 JavaThread "Execution worker for ':' Thread 5" [_thread_blocked, id=11496, stack(0x000000002a240000,0x000000002a340000)]
  0x000000001c05b000 JavaThread "Execution worker for ':' Thread 4" [_thread_blocked, id=2872, stack(0x000000002a140000,0x000000002a240000)]
  0x000000001c645000 JavaThread "Execution worker for ':' Thread 3" [_thread_blocked, id=1688, stack(0x000000002a040000,0x000000002a140000)]
  0x000000001c644000 JavaThread "Execution worker for ':' Thread 2" [_thread_blocked, id=16072, stack(0x0000000029f40000,0x000000002a040000)]
  0x000000001c642800 JavaThread "Execution worker for ':'" [_thread_in_vm, id=10412, stack(0x0000000029c40000,0x0000000029d40000)]
  0x000000001c63b000 JavaThread "Cache worker for file content cache (C:\Users\User\Desktop\Android_App\MedabinFinal\.gradle\6.1.1\fileContent)" [_thread_blocked, id=17796, stack(0x0000000029b40000,0x0000000029c40000)]
  0x000000001c641800 JavaThread "Cache worker for file content cache (C:\Users\User\.gradle\caches\6.1.1\fileContent)" [_thread_blocked, id=1496, stack(0x0000000029840000,0x0000000029940000)]
  0x000000001c63a000 JavaThread "Memory manager" [_thread_blocked, id=19280, stack(0x0000000029740000,0x0000000029840000)]
  0x000000001c640000 JavaThread "Cache worker for Build Output Cleanup Cache (C:\Users\User\Desktop\Android_App\MedabinFinal\.gradle\buildOutputCleanup)" [_thread_blocked, id=8656, stack(0x0000000029340000,0x0000000029440000)]
  0x000000001c63f800 JavaThread "pool-9-thread-1" [_thread_blocked, id=11628, stack(0x0000000028c20000,0x0000000028d20000)]
  0x000000001c636800 JavaThread "Build operations Thread 12" [_thread_blocked, id=16596, stack(0x0000000026470000,0x0000000026570000)]
  0x000000001c639800 JavaThread "Build operations Thread 11" [_thread_blocked, id=12376, stack(0x0000000025a90000,0x0000000025b90000)]
  0x000000001c638800 JavaThread "Build operations Thread 10" [_thread_blocked, id=15684, stack(0x0000000025790000,0x0000000025890000)]
  0x000000001c63d000 JavaThread "Build operations Thread 9" [_thread_blocked, id=17804, stack(0x0000000025690000,0x0000000025790000)]
  0x000000001c63c800 JavaThread "Build operations Thread 8" [_thread_blocked, id=18580, stack(0x0000000025590000,0x0000000025690000)]
  0x000000001abfe800 JavaThread "Build operations Thread 7" [_thread_blocked, id=10160, stack(0x0000000025490000,0x0000000025590000)]
  0x000000001abfd800 JavaThread "Build operations Thread 6" [_thread_blocked, id=640, stack(0x0000000025390000,0x0000000025490000)]
  0x000000001abfa800 JavaThread "Build operations Thread 5" [_thread_blocked, id=12320, stack(0x0000000025290000,0x0000000025390000)]
  0x000000001abf8800 JavaThread "Build operations Thread 4" [_thread_blocked, id=14608, stack(0x0000000025190000,0x0000000025290000)]
  0x000000001abfd000 JavaThread "Build operations Thread 3" [_thread_blocked, id=2128, stack(0x0000000025090000,0x0000000025190000)]
  0x000000001abfc000 JavaThread "Build operations Thread 2" [_thread_blocked, id=12252, stack(0x0000000023b00000,0x0000000023c00000)]
  0x000000001abf9000 JavaThread "Build operations" [_thread_blocked, id=18976, stack(0x0000000020e90000,0x0000000020f90000)]
  0x000000001abfa000 JavaThread "Cache worker for cache directory md-rule (C:\Users\User\.gradle\caches\6.1.1\md-rule)" [_thread_blocked, id=6340, stack(0x0000000020ae0000,0x0000000020be0000)]
  0x000000001abf1000 JavaThread "Cache worker for cache directory md-supplier (C:\Users\User\.gradle\caches\6.1.1\md-supplier)" [_thread_blocked, id=14468, stack(0x00000000209e0000,0x0000000020ae0000)]
  0x000000001abf7800 JavaThread "Cache worker for file hash cache (C:\Users\User\Desktop\Android_App\MedabinFinal\.gradle\6.1.1\fileHashes)" [_thread_blocked, id=7876, stack(0x00000000208e0000,0x00000000209e0000)]
  0x000000001abf2800 JavaThread "Cache worker for checksums cache (C:\Users\User\Desktop\Android_App\MedabinFinal\.gradle\checksums)" [_thread_blocked, id=11988, stack(0x000000001df40000,0x000000001e040000)]
  0x000000001abf0000 JavaThread "Thread-104" [_thread_blocked, id=17416, stack(0x000000001dc40000,0x000000001dd40000)]
  0x000000001abf7000 JavaThread "Stdin handler" [_thread_blocked, id=13628, stack(0x000000001da40000,0x000000001db40000)]
  0x000000001abef800 JavaThread "Asynchronous log dispatcher for DefaultDaemonConnection: socket connection from /127.0.0.1:56089 to /127.0.0.1:56582" [_thread_blocked, id=19048, stack(0x000000001d740000,0x000000001d840000)]
  0x000000001abf5800 JavaThread "Daemon worker Thread 4" [_thread_blocked, id=1008, stack(0x000000001d640000,0x000000001d740000)]
  0x000000001abf4800 JavaThread "Cancel handler" [_thread_blocked, id=8108, stack(0x00000000014d0000,0x00000000015d0000)]
  0x000000001abf4000 JavaThread "Handler for socket connection from /127.0.0.1:56089 to /127.0.0.1:56582" [_thread_in_native, id=6104, stack(0x00000000013d0000,0x00000000014d0000)]
  0x000000001abf3000 JavaThread "Daemon Thread 4" [_thread_blocked, id=1344, stack(0x00000000012d0000,0x00000000013d0000)]
  0x000000001c05f800 JavaThread "Cache worker for execution history cache (C:\Users\User\.gradle\caches\6.1.1\executionHistory)" [_thread_blocked, id=13000, stack(0x0000000022030000,0x0000000022130000)]
  0x000000001c05c800 JavaThread "Cache worker for file hash cache (C:\Users\User\.gradle\caches\6.1.1\fileHashes)" [_thread_blocked, id=960, stack(0x000000001e440000,0x000000001e540000)]
  0x000000001c05a800 JavaThread "File lock request listener" [_thread_in_native, id=17772, stack(0x000000001e340000,0x000000001e440000)]
  0x000000001c2c3800 JavaThread "Cache worker for journal cache (C:\Users\User\.gradle\caches\journal-1)" [_thread_blocked, id=4824, stack(0x000000001e240000,0x000000001e340000)]
  0x000000001c15d000 JavaThread "Daemon periodic checks" [_thread_blocked, id=7536, stack(0x000000001d540000,0x000000001d640000)]
  0x000000001c15c000 JavaThread "Incoming local TCP Connector on port 56089" [_thread_in_native, id=15268, stack(0x000000001d300000,0x000000001d400000)]
  0x000000001c034800 JavaThread "Daemon health stats" [_thread_blocked, id=15676, stack(0x000000001ccc0000,0x000000001cdc0000)]
  0x000000001896c800 JavaThread "Service Thread" daemon [_thread_blocked, id=8756, stack(0x000000001a320000,0x000000001a420000)]
  0x00000000188e5000 JavaThread "C1 CompilerThread3" daemon [_thread_blocked, id=10076, stack(0x000000001a220000,0x000000001a320000)]
  0x00000000188e4000 JavaThread "C2 CompilerThread2" daemon [_thread_in_native, id=7336, stack(0x000000001a120000,0x000000001a220000)]
=>0x00000000188df800 JavaThread "C2 CompilerThread1" daemon [_thread_in_native, id=17040, stack(0x000000001a020000,0x000000001a120000)]
  0x00000000188d8000 JavaThread "C2 CompilerThread0" daemon [_thread_in_native, id=14880, stack(0x0000000019f20000,0x000000001a020000)]
  0x00000000188d4800 JavaThread "Attach Listener" daemon [_thread_blocked, id=10532, stack(0x0000000019e20000,0x0000000019f20000)]
  0x00000000188d3800 JavaThread "Signal Dispatcher" daemon [_thread_blocked, id=10336, stack(0x0000000019d20000,0x0000000019e20000)]
  0x000000000323a000 JavaThread "Finalizer" daemon [_thread_blocked, id=2756, stack(0x0000000019b20000,0x0000000019c20000)]
  0x00000000171fc800 JavaThread "Reference Handler" daemon [_thread_blocked, id=11604, stack(0x0000000019a20000,0x0000000019b20000)]
  0x0000000003142800 JavaThread "main" [_thread_blocked, id=18312, stack(0x0000000003040000,0x0000000003140000)]

Other Threads:
  0x00000000171f6000 VMThread [stack: 0x0000000019920000,0x0000000019a20000] [id=18808]
  0x000000001896e000 WatcherThread [stack: 0x000000001a420000,0x000000001a520000] [id=3272]

VM state:not at safepoint (normal execution)

VM Mutex/Monitor currently owned by a thread: None

heap address: 0x00000000a0000000, size: 1536 MB, Compressed Oops mode: 32-bit
Narrow klass base: 0x0000000000000000, Narrow klass shift: 3
Compressed class space size: 1073741824 Address: 0x0000000100000000

Heap:
 PSYoungGen      total 456704K, used 48835K [0x00000000e0000000, 0x00000000fee80000, 0x0000000100000000)
  eden space 408064K, 8% used [0x00000000e0000000,0x00000000e2397d10,0x00000000f8e80000)
  from space 48640K, 25% used [0x00000000fbd00000,0x00000000fc918f70,0x00000000fec80000)
  to   space 47616K, 0% used [0x00000000f8e80000,0x00000000f8e80000,0x00000000fbd00000)
 ParOldGen       total 236544K, used 75094K [0x00000000a0000000, 0x00000000ae700000, 0x00000000e0000000)
  object space 236544K, 31% used [0x00000000a0000000,0x00000000a4955938,0x00000000ae700000)
 Metaspace       used 95622K, capacity 100166K, committed 101888K, reserved 1138688K
  class space    used 12245K, capacity 13202K, committed 13568K, reserved 1048576K

Card table byte_map: [0x0000000012600000,0x0000000012910000] byte_map_base: 0x0000000012100000

Marking Bits: (ParMarkBitMap*) 0x0000000070bdf030
 Begin Bits: [0x0000000013510000, 0x0000000014d10000)
 End Bits:   [0x0000000014d10000, 0x0000000016510000)

Polling page: 0x0000000001660000

CodeCache: size=245760Kb used=51423Kb max_used=51423Kb free=194336Kb
 bounds [0x0000000003240000, 0x00000000064c0000, 0x0000000012240000]
 total_blobs=16243 nmethods=15337 adapters=817
 compilation: enabled

Compilation events (10 events):
Event: 980.332 Thread 0x00000000188e5000 18785       2       com.google.common.collect.ReverseNaturalOrdering::compare (20 bytes)
Event: 980.333 Thread 0x00000000188e5000 nmethod 18785 0x000000000648a6d0 code [0x000000000648a840, 0x000000000648aa78]
Event: 980.334 Thread 0x00000000188e5000 18786       2       java.io.File::compareTo (9 bytes)
Event: 980.334 Thread 0x00000000188e5000 nmethod 18786 0x000000000648a210 code [0x000000000648a380, 0x000000000648a548]
Event: 980.346 Thread 0x00000000188e5000 18787       2       org.gradle.api.tasks.util.internal.CachingPatternSpecFactory$SpecKey::equals (89 bytes)
Event: 980.347 Thread 0x00000000188e5000 nmethod 18787 0x0000000006489a50 code [0x0000000006489be0, 0x0000000006489fc8]
Event: 980.349 Thread 0x00000000188e5000 18788   !   2       java.nio.file.Files::walkFileTree (355 bytes)
Event: 980.351 Thread 0x00000000188e5000 nmethod 18788 0x00000000064aedd0 code [0x00000000064af0c0, 0x00000000064afd58]
Event: 980.404 Thread 0x00000000188e5000 18789       2       com.sun.tools.javac.main.Option::matches (130 bytes)
Event: 980.405 Thread 0x00000000188e5000 nmethod 18789 0x00000000064b1210 code [0x00000000064b13e0, 0x00000000064b17d8]

GC Heap History (10 events):
Event: 975.121 GC heap before
{Heap before GC invocations=16 (full 3):
 PSYoungGen      total 354304K, used 341632K [0x00000000e0000000, 0x00000000fae00000, 0x0000000100000000)
  eden space 321024K, 100% used [0x00000000e0000000,0x00000000f3980000,0x00000000f3980000)
  from space 33280K, 61% used [0x00000000f5a00000,0x00000000f6e20098,0x00000000f7a80000)
  to   space 33280K, 0% used [0x00000000f3980000,0x00000000f3980000,0x00000000f5a00000)
 ParOldGen       total 236544K, used 63208K [0x00000000a0000000, 0x00000000ae700000, 0x00000000e0000000)
  object space 236544K, 26% used [0x00000000a0000000,0x00000000a3dba1a0,0x00000000ae700000)
 Metaspace       used 89265K, capacity 94668K, committed 94976K, reserved 1132544K
  class space    used 11614K, capacity 12683K, committed 12800K, reserved 1048576K
Event: 975.135 GC heap after
Heap after GC invocations=16 (full 3):
 PSYoungGen      total 354304K, used 27137K [0x00000000e0000000, 0x00000000fa800000, 0x0000000100000000)
  eden space 321024K, 0% used [0x00000000e0000000,0x00000000e0000000,0x00000000f3980000)
  from space 33280K, 81% used [0x00000000f3980000,0x00000000f5400570,0x00000000f5a00000)
  to   space 35328K, 0% used [0x00000000f8580000,0x00000000f8580000,0x00000000fa800000)
 ParOldGen       total 236544K, used 63216K [0x00000000a0000000, 0x00000000ae700000, 0x00000000e0000000)
  object space 236544K, 26% used [0x00000000a0000000,0x00000000a3dbc1a0,0x00000000ae700000)
 Metaspace       used 89265K, capacity 94668K, committed 94976K, reserved 1132544K
  class space    used 11614K, capacity 12683K, committed 12800K, reserved 1048576K
}
Event: 976.703 GC heap before
{Heap before GC invocations=17 (full 3):
 PSYoungGen      total 354304K, used 348161K [0x00000000e0000000, 0x00000000fa800000, 0x0000000100000000)
  eden space 321024K, 100% used [0x00000000e0000000,0x00000000f3980000,0x00000000f3980000)
  from space 33280K, 81% used [0x00000000f3980000,0x00000000f5400570,0x00000000f5a00000)
  to   space 35328K, 0% used [0x00000000f8580000,0x00000000f8580000,0x00000000fa800000)
 ParOldGen       total 236544K, used 63216K [0x00000000a0000000, 0x00000000ae700000, 0x00000000e0000000)
  object space 236544K, 26% used [0x00000000a0000000,0x00000000a3dbc1a0,0x00000000ae700000)
 Metaspace       used 91835K, capacity 97376K, committed 97536K, reserved 1134592K
  class space    used 11902K, capacity 12969K, committed 13056K, reserved 1048576K
Event: 976.724 GC heap after
Heap after GC invocations=17 (full 3):
 PSYoungGen      total 386048K, used 35308K [0x00000000e0000000, 0x00000000fc300000, 0x0000000100000000)
  eden space 350720K, 0% used [0x00000000e0000000,0x00000000e0000000,0x00000000f5680000)
  from space 35328K, 99% used [0x00000000f8580000,0x00000000fa7fb090,0x00000000fa800000)
  to   space 48128K, 0% used [0x00000000f5680000,0x00000000f5680000,0x00000000f8580000)
 ParOldGen       total 236544K, used 84732K [0x00000000a0000000, 0x00000000ae700000, 0x00000000e0000000)
  object space 236544K, 35% used [0x00000000a0000000,0x00000000a52bf048,0x00000000ae700000)
 Metaspace       used 91835K, capacity 97376K, committed 97536K, reserved 1134592K
  class space    used 11902K, capacity 12969K, committed 13056K, reserved 1048576K
}
Event: 977.637 GC heap before
{Heap before GC invocations=18 (full 3):
 PSYoungGen      total 386048K, used 166339K [0x00000000e0000000, 0x00000000fc300000, 0x0000000100000000)
  eden space 350720K, 37% used [0x00000000e0000000,0x00000000e7ff5d10,0x00000000f5680000)
  from space 35328K, 99% used [0x00000000f8580000,0x00000000fa7fb090,0x00000000fa800000)
  to   space 48128K, 0% used [0x00000000f5680000,0x00000000f5680000,0x00000000f8580000)
 ParOldGen       total 236544K, used 84732K [0x00000000a0000000, 0x00000000ae700000, 0x00000000e0000000)
  object space 236544K, 35% used [0x00000000a0000000,0x00000000a52bf048,0x00000000ae700000)
 Metaspace       used 92832K, capacity 98362K, committed 98496K, reserved 1134592K
  class space    used 12016K, capacity 13098K, committed 13184K, reserved 1048576K
Event: 977.656 GC heap after
Heap after GC invocations=18 (full 3):
 PSYoungGen      total 398848K, used 30126K [0x00000000e0000000, 0x00000000fec80000, 0x0000000100000000)
  eden space 350720K, 0% used [0x00000000e0000000,0x00000000e0000000,0x00000000f5680000)
  from space 48128K, 62% used [0x00000000f5680000,0x00000000f73eba30,0x00000000f8580000)
  to   space 48640K, 0% used [0x00000000fbd00000,0x00000000fbd00000,0x00000000fec80000)
 ParOldGen       total 236544K, used 95251K [0x00000000a0000000, 0x00000000ae700000, 0x00000000e0000000)
  object space 236544K, 40% used [0x00000000a0000000,0x00000000a5d04f58,0x00000000ae700000)
 Metaspace       used 92832K, capacity 98362K, committed 98496K, reserved 1134592K
  class space    used 12016K, capacity 13098K, committed 13184K, reserved 1048576K
}
Event: 977.656 GC heap before
{Heap before GC invocations=19 (full 4):
 PSYoungGen      total 398848K, used 30126K [0x00000000e0000000, 0x00000000fec80000, 0x0000000100000000)
  eden space 350720K, 0% used [0x00000000e0000000,0x00000000e0000000,0x00000000f5680000)
  from space 48128K, 62% used [0x00000000f5680000,0x00000000f73eba30,0x00000000f8580000)
  to   space 48640K, 0% used [0x00000000fbd00000,0x00000000fbd00000,0x00000000fec80000)
 ParOldGen       total 236544K, used 95251K [0x00000000a0000000, 0x00000000ae700000, 0x00000000e0000000)
  object space 236544K, 40% used [0x00000000a0000000,0x00000000a5d04f58,0x00000000ae700000)
 Metaspace       used 92832K, capacity 98362K, committed 98496K, reserved 1134592K
  class space    used 12016K, capacity 13098K, committed 13184K, reserved 1048576K
Event: 977.824 GC heap after
Heap after GC invocations=19 (full 4):
 PSYoungGen      total 398848K, used 0K [0x00000000e0000000, 0x00000000fec80000, 0x0000000100000000)
  eden space 350720K, 0% used [0x00000000e0000000,0x00000000e0000000,0x00000000f5680000)
  from space 48128K, 0% used [0x00000000f5680000,0x00000000f5680000,0x00000000f8580000)
  to   space 48640K, 0% used [0x00000000fbd00000,0x00000000fbd00000,0x00000000fec80000)
 ParOldGen       total 236544K, used 75086K [0x00000000a0000000, 0x00000000ae700000, 0x00000000e0000000)
  object space 236544K, 31% used [0x00000000a0000000,0x00000000a4953938,0x00000000ae700000)
 Metaspace       used 92160K, capacity 96378K, committed 98496K, reserved 1134592K
  class space    used 11804K, capacity 12730K, committed 13184K, reserved 1048576K
}
Event: 980.083 GC heap before
{Heap before GC invocations=20 (full 4):
 PSYoungGen      total 398848K, used 350714K [0x00000000e0000000, 0x00000000fec80000, 0x0000000100000000)
  eden space 350720K, 99% used [0x00000000e0000000,0x00000000f567e9a0,0x00000000f5680000)
  from space 48128K, 0% used [0x00000000f5680000,0x00000000f5680000,0x00000000f8580000)
  to   space 48640K, 0% used [0x00000000fbd00000,0x00000000fbd00000,0x00000000fec80000)
 ParOldGen       total 236544K, used 75086K [0x00000000a0000000, 0x00000000ae700000, 0x00000000e0000000)
  object space 236544K, 31% used [0x00000000a0000000,0x00000000a4953938,0x00000000ae700000)
 Metaspace       used 94348K, capacity 98898K, committed 100480K, reserved 1136640K
  class space    used 12063K, capacity 13038K, committed 13440K, reserved 1048576K
Event: 980.094 GC heap after
Heap after GC invocations=20 (full 4):
 PSYoungGen      total 456704K, used 12387K [0x00000000e0000000, 0x00000000fee80000, 0x0000000100000000)
  eden space 408064K, 0% used [0x00000000e0000000,0x00000000e0000000,0x00000000f8e80000)
  from space 48640K, 25% used [0x00000000fbd00000,0x00000000fc918f70,0x00000000fec80000)
  to   space 47616K, 0% used [0x00000000f8e80000,0x00000000f8e80000,0x00000000fbd00000)
 ParOldGen       total 236544K, used 75094K [0x00000000a0000000, 0x00000000ae700000, 0x00000000e0000000)
  object space 236544K, 31% used [0x00000000a0000000,0x00000000a4955938,0x00000000ae700000)
 Metaspace       used 94348K, capacity 98898K, committed 100480K, reserved 1136640K
  class space    used 12063K, capacity 13038K, committed 13440K, reserved 1048576K
}

Deoptimization events (10 events):
Event: 979.622 Thread 0x000000001abfd000 Uncommon trap: reason=class_check action=maybe_recompile pc=0x0000000006390e3c method=org.objectweb.asm.ClassReader.readField(Lorg/objectweb/asm/ClassVisitor;Lorg/objectweb/asm/Context;I)I @ 332
Event: 979.622 Thread 0x000000001abfc000 Uncommon trap: reason=class_check action=maybe_recompile pc=0x0000000006390e3c method=org.objectweb.asm.ClassReader.readField(Lorg/objectweb/asm/ClassVisitor;Lorg/objectweb/asm/Context;I)I @ 332
Event: 979.622 Thread 0x000000001abfc000 Uncommon trap: reason=class_check action=maybe_recompile pc=0x0000000006390e3c method=org.objectweb.asm.ClassReader.readField(Lorg/objectweb/asm/ClassVisitor;Lorg/objectweb/asm/Context;I)I @ 332
Event: 979.757 Thread 0x00000000201bd800 Uncommon trap: reason=class_check action=maybe_recompile pc=0x0000000004f5ba14 method=org.gradle.cache.internal.btree.FileBackedBlockStore$BlockImpl.getSize()I @ 12
Event: 979.777 Thread 0x00000000201b7800 Uncommon trap: reason=unstable_if action=reinterpret pc=0x0000000005150230 method=org.gradle.internal.io.StreamByteBuffer$StreamByteBufferInputStream.readImpl([BII)I @ 49
Event: 979.808 Thread 0x00000000201bd800 Uncommon trap: reason=class_check action=maybe_recompile pc=0x0000000004f5ba14 method=org.gradle.cache.internal.btree.FileBackedBlockStore$BlockImpl.getSize()I @ 12
Event: 979.809 Thread 0x00000000201bd800 Uncommon trap: reason=class_check action=maybe_recompile pc=0x0000000004f5ba14 method=org.gradle.cache.internal.btree.FileBackedBlockStore$BlockImpl.getSize()I @ 12
Event: 979.825 Thread 0x00000000201b7800 Uncommon trap: reason=unstable_if action=reinterpret pc=0x0000000005108630 method=org.gradle.internal.io.StreamByteBuffer$StreamByteBufferInputStream.readImpl([BII)I @ 49
Event: 979.909 Thread 0x000000001abfc000 Uncommon trap: reason=unstable_if action=reinterpret pc=0x0000000005df36d0 method=com.google.common.cache.LongAdder.add(J)V @ 24
Event: 979.911 Thread 0x000000001abfe800 Uncommon trap: reason=unstable_if action=reinterpret pc=0x0000000004c72fb8 method=com.google.common.cache.LongAdder.add(J)V @ 6

Classes redefined (0 events):
No events

Internal exceptions (10 events):
Event: 978.932 Thread 0x0000000021ac7000 Exception <a 'sun/nio/fs/WindowsException'> (0x00000000e5612a70) thrown at [C:\src\AOSP-openjdk-git\hotspot\src\share\vm\prims\jni.cpp, line 710]
Event: 979.497 Thread 0x000000001c642800 Exception <a 'sun/nio/fs/WindowsException'> (0x00000000edc74cc0) thrown at [C:\src\AOSP-openjdk-git\hotspot\src\share\vm\prims\jni.cpp, line 710]
Event: 979.498 Thread 0x000000001c642800 Exception <a 'sun/nio/fs/WindowsException'> (0x00000000edc75948) thrown at [C:\src\AOSP-openjdk-git\hotspot\src\share\vm\prims\jni.cpp, line 710]
Event: 979.498 Thread 0x000000001c642800 Exception <a 'sun/nio/fs/WindowsException'> (0x00000000edc769a8) thrown at [C:\src\AOSP-openjdk-git\hotspot\src\share\vm\prims\jni.cpp, line 710]
Event: 979.499 Thread 0x000000001c642800 Exception <a 'sun/nio/fs/WindowsException'> (0x00000000edc7d2c0) thrown at [C:\src\AOSP-openjdk-git\hotspot\src\share\vm\prims\jni.cpp, line 710]
Event: 979.500 Thread 0x000000001c642800 Exception <a 'sun/nio/fs/WindowsException'> (0x00000000edc7df88) thrown at [C:\src\AOSP-openjdk-git\hotspot\src\share\vm\prims\jni.cpp, line 710]
Event: 979.500 Thread 0x000000001c642800 Exception <a 'sun/nio/fs/WindowsException'> (0x00000000edc7ecc0) thrown at [C:\src\AOSP-openjdk-git\hotspot\src\share\vm\prims\jni.cpp, line 710]
Event: 979.500 Thread 0x000000001c642800 Exception <a 'sun/nio/fs/WindowsException'> (0x00000000edc80d08) thrown at [C:\src\AOSP-openjdk-git\hotspot\src\share\vm\prims\jni.cpp, line 710]
Event: 979.500 Thread 0x000000001c642800 Exception <a 'sun/nio/fs/WindowsException'> (0x00000000edc819e0) thrown at [C:\src\AOSP-openjdk-git\hotspot\src\share\vm\prims\jni.cpp, line 710]
Event: 979.500 Thread 0x000000001c642800 Exception <a 'sun/nio/fs/WindowsException'> (0x00000000edc82728) thrown at [C:\src\AOSP-openjdk-git\hotspot\src\share\vm\prims\jni.cpp, line 710]

Events (10 events):
Event: 980.428 loading class com/sun/tools/javac/jvm/ClassReader$CompoundAnnotationProxy
Event: 980.428 loading class com/sun/tools/javac/jvm/ClassReader$CompoundAnnotationProxy done
Event: 980.429 loading class com/sun/tools/javac/code/Type$JCVoidType
Event: 980.429 loading class com/sun/tools/javac/code/Type$JCVoidType done
Event: 980.429 loading class com/sun/tools/javac/code/Type$ForAll
Event: 980.429 loading class com/sun/tools/javac/code/Type$ForAll done
Event: 980.430 loading class com/sun/tools/javac/code/Type$DelegatedType
Event: 980.430 loading class com/sun/tools/javac/code/Type$DelegatedType done
Event: 980.430 loading class com/sun/tools/javac/jvm/ClassReader$2
Event: 980.430 loading class com/sun/tools/javac/jvm/ClassReader$2 done


Dynamic libraries:
0x00007ff7591f0000 - 0x00007ff759221000 	C:\Program Files\Android\Android Studio\jre\bin\java.exe
0x00007ff9057c0000 - 0x00007ff9059b0000 	C:\WINDOWS\SYSTEM32\ntdll.dll
0x00007ff9041d0000 - 0x00007ff904282000 	C:\WINDOWS\System32\KERNEL32.DLL
0x00007ff902740000 - 0x00007ff9029e4000 	C:\WINDOWS\System32\KERNELBASE.dll
0x00007ff9045f0000 - 0x00007ff904693000 	C:\WINDOWS\System32\ADVAPI32.dll
0x00007ff904540000 - 0x00007ff9045de000 	C:\WINDOWS\System32\msvcrt.dll
0x00007ff903fd0000 - 0x00007ff904067000 	C:\WINDOWS\System32\sechost.dll
0x00007ff904860000 - 0x00007ff904980000 	C:\WINDOWS\System32\RPCRT4.dll
0x00007ff904330000 - 0x00007ff9044c4000 	C:\WINDOWS\System32\USER32.dll
0x00007ff9030b0000 - 0x00007ff9030d1000 	C:\WINDOWS\System32\win32u.dll
0x00007ff903f40000 - 0x00007ff903f66000 	C:\WINDOWS\System32\GDI32.dll
0x00007ff902d10000 - 0x00007ff902ea6000 	C:\WINDOWS\System32\gdi32full.dll
0x00007ff902c70000 - 0x00007ff902d0e000 	C:\WINDOWS\System32\msvcp_win.dll
0x00007ff902f80000 - 0x00007ff90307a000 	C:\WINDOWS\System32\ucrtbase.dll
0x00007ff8f26b0000 - 0x00007ff8f2934000 	C:\WINDOWS\WinSxS\amd64_microsoft.windows.common-controls_6595b64144ccf1df_6.0.18362.959_none_e6c7bbbf130c62bb\COMCTL32.dll
0x00007ff9050f0000 - 0x00007ff905425000 	C:\WINDOWS\System32\combase.dll
0x00007ff902b40000 - 0x00007ff902bc0000 	C:\WINDOWS\System32\bcryptPrimitives.dll
0x00007ff9046a0000 - 0x00007ff9046ce000 	C:\WINDOWS\System32\IMM32.DLL
0x0000000070250000 - 0x0000000070322000 	C:\Program Files\Android\Android Studio\jre\jre\bin\msvcr100.dll
0x0000000070410000 - 0x0000000070c5b000 	C:\Program Files\Android\Android Studio\jre\jre\bin\server\jvm.dll
0x00007ff905570000 - 0x00007ff905578000 	C:\WINDOWS\System32\PSAPI.DLL
0x00007ff8e7330000 - 0x00007ff8e7339000 	C:\WINDOWS\SYSTEM32\WSOCK32.dll
0x00007ff900480000 - 0x00007ff9004a4000 	C:\WINDOWS\SYSTEM32\WINMM.dll
0x00007ff8fbed0000 - 0x00007ff8fbeda000 	C:\WINDOWS\SYSTEM32\VERSION.dll
0x00007ff905500000 - 0x00007ff90556f000 	C:\WINDOWS\System32\WS2_32.dll
0x00007ff900450000 - 0x00007ff90047d000 	C:\WINDOWS\SYSTEM32\winmmbase.dll
0x00007ff902c20000 - 0x00007ff902c6a000 	C:\WINDOWS\System32\cfgmgr32.dll
0x00007ff900820000 - 0x00007ff90082f000 	C:\Program Files\Android\Android Studio\jre\jre\bin\verify.dll
0x00007ff9007e0000 - 0x00007ff900809000 	C:\Program Files\Android\Android Studio\jre\jre\bin\java.dll
0x00007ff9007b0000 - 0x00007ff9007c6000 	C:\Program Files\Android\Android Studio\jre\jre\bin\zip.dll
0x00007ff904a00000 - 0x00007ff9050e6000 	C:\WINDOWS\System32\SHELL32.dll
0x00007ff903870000 - 0x00007ff903919000 	C:\WINDOWS\System32\shcore.dll
0x00007ff9030e0000 - 0x00007ff903862000 	C:\WINDOWS\System32\windows.storage.dll
0x00007ff9026a0000 - 0x00007ff9026c3000 	C:\WINDOWS\System32\profapi.dll
0x00007ff9026d0000 - 0x00007ff90271a000 	C:\WINDOWS\System32\powrprof.dll
0x00007ff902670000 - 0x00007ff902680000 	C:\WINDOWS\System32\UMPDC.dll
0x00007ff904800000 - 0x00007ff904852000 	C:\WINDOWS\System32\shlwapi.dll
0x00007ff902680000 - 0x00007ff902691000 	C:\WINDOWS\System32\kernel.appcore.dll
0x00007ff902f60000 - 0x00007ff902f77000 	C:\WINDOWS\System32\cryptsp.dll
0x00007ff900790000 - 0x00007ff9007aa000 	C:\Program Files\Android\Android Studio\jre\jre\bin\net.dll
0x00007ff901ee0000 - 0x00007ff901f47000 	C:\WINDOWS\system32\mswsock.dll
0x00007ff900770000 - 0x00007ff900783000 	C:\Program Files\Android\Android Studio\jre\jre\bin\nio.dll
0x00007ff8e6ae0000 - 0x00007ff8e6b06000 	C:\Users\User\.gradle\native\31\windows-amd64\native-platform.dll
0x00007ff900760000 - 0x00007ff90076d000 	C:\Program Files\Android\Android Studio\jre\jre\bin\management.dll
0x00007ff901a50000 - 0x00007ff901a83000 	C:\WINDOWS\system32\rsaenh.dll
0x00007ff903080000 - 0x00007ff9030a6000 	C:\WINDOWS\System32\bcrypt.dll
0x00007ff902560000 - 0x00007ff902585000 	C:\WINDOWS\SYSTEM32\USERENV.dll
0x00007ff9020b0000 - 0x00007ff9020bc000 	C:\WINDOWS\SYSTEM32\CRYPTBASE.dll
0x00007ff901bf0000 - 0x00007ff901c2a000 	C:\WINDOWS\SYSTEM32\IPHLPAPI.DLL
0x00007ff905770000 - 0x00007ff905778000 	C:\WINDOWS\System32\NSI.dll
0x00007ff8fc140000 - 0x00007ff8fc156000 	C:\WINDOWS\SYSTEM32\dhcpcsvc6.DLL
0x00007ff8fc2e0000 - 0x00007ff8fc2fc000 	C:\WINDOWS\SYSTEM32\dhcpcsvc.DLL
0x00007ff901c30000 - 0x00007ff901cfb000 	C:\WINDOWS\SYSTEM32\DNSAPI.dll
0x00007ff8f9f60000 - 0x00007ff8f9f84000 	C:\Program Files\Android\Android Studio\jre\jre\bin\sunec.dll
0x00007ff8ed290000 - 0x00007ff8ed29a000 	C:\Windows\System32\rasadhlp.dll
0x00007ff8fbde0000 - 0x00007ff8fbe57000 	C:\WINDOWS\System32\fwpuclnt.dll
0x00007ff900880000 - 0x00007ff90088b000 	C:\Program Files\Android\Android Studio\jre\jre\bin\sunmscapi.dll
0x00007ff9029f0000 - 0x00007ff902b39000 	C:\WINDOWS\System32\CRYPT32.dll
0x00007ff902720000 - 0x00007ff902732000 	C:\WINDOWS\System32\MSASN1.dll
0x00007ff9016d0000 - 0x00007ff901701000 	C:\WINDOWS\SYSTEM32\ntmarta.dll

VM Arguments:
jvm_args: -Xmx1536m -Dfile.encoding=windows-1252 -Duser.country=US -Duser.language=en -Duser.variant 
java_command: org.gradle.launcher.daemon.bootstrap.GradleDaemon 6.1.1
java_class_path (initial): C:\Users\User\.gradle\wrapper\dists\gradle-6.1.1-all\cfmwm155h49vnt3hynmlrsdst\gradle-6.1.1\lib\gradle-launcher-6.1.1.jar
Launcher Type: SUN_STANDARD

Environment Variables:
PATH=C:\app\User\product\11.2.0\dbhome_1\bin;C:\Users\User\Anaconda3;C:\Users\User\Anaconda3\Library\mingw-w64\bin;C:\Users\User\Anaconda3\Library\usr\bin;C:\Users\User\Anaconda3\Library\bin;C:\Users\User\Anaconda3\Scripts;C:\Users\User\AppData\Local\Microsoft\WindowsApps;C:\Program Files\JetBrains\PyCharm Community Edition 2019.2.4\bin;C:\Users\User\AppData\Local\Programs\MiKTeX 2.9\miktex\bin\x64\;C:\Program Files\JetBrains\PyCharm 2019.3.3\bin;C:\Users\User\AppData\Roaming\npm;C:\Users\User\AppData\Local\atom\bin;C:\Users\User\AppData\Local\Microsoft\WindowsApps;C:\Users\User\AppData\Local\GitHubDesktop\bin;C:\Users\User\AppData\Local\Programs\Microsoft VS Code\bin
USERNAME=User
OS=Windows_NT
PROCESSOR_IDENTIFIER=Intel64 Family 6 Model 158 Stepping 13, GenuineIntel



---------------  S Y S T E M  ---------------

OS: Windows 10.0 , 64 bit Build 18362 (10.0.18362.959)

CPU:total 12 (initial active 12) (6 cores per cpu, 2 threads per core) family 6 model 158 stepping 13, cmov, cx8, fxsr, mmx, sse, sse2, sse3, ssse3, sse4.1, sse4.2, popcnt, avx, avx2, aes, clmul, erms, 3dnowpref, lzcnt, ht, tsc, tscinvbit, bmi1, bmi2, adx

Memory: 4k page, physical 16620484k(6472052k free), swap 16620484k(9788k free)

vm_info: OpenJDK 64-Bit Server VM (25.242-b01) for windows-amd64 JRE (1.8.0_242-release-1644-b01), built by "builder" with MS VC++ 10.0 (VS2010)

time: Fri Aug 28 04:37:43 2020
timezone: Bangladesh Standard Time
elapsed time: 980 seconds (0d 0h 16m 20s)

