#
# There is insufficient memory for the Java Runtime Environment to continue.
# Native memory allocation (malloc) failed to allocate 1226896 bytes for Chunk::new
# Possible reasons:
#   The system is out of physical RAM or swap space
#   The process is running with CompressedOops enabled, and the Java Heap may be blocking the growth of the native heap
# Possible solutions:
#   Reduce memory load on the system
#   Increase physical memory or swap space
#   Check if swap backing store is full
#   Decrease Java heap size (-Xmx/-Xms)
#   Decrease number of Java threads
#   Decrease Java thread stack sizes (-Xss)
#   Set larger code cache with -XX:ReservedCodeCacheSize=
#   JVM is running with Unscaled Compressed Oops mode in which the Java heap is
#     placed in the first 4GB address space. The Java Heap base address is the
#     maximum limit for the native heap growth. Please use -XX:HeapBaseMinAddress
#     to set the Java Heap base and to place the Java Heap above 4GB virtual address.
# This output file may be truncated or incomplete.
#
#  Out of Memory Error (allocation.cpp:389), pid=16624, tid=0x0000000000002a6c
#
# JRE version: OpenJDK Runtime Environment (8.0_242-b01) (build 1.8.0_242-release-1644-b01)
# Java VM: OpenJDK 64-Bit Server VM (25.242-b01 mixed mode windows-amd64 compressed oops)
# Failed to write core dump. Minidumps are not enabled by default on client versions of Windows
#

---------------  T H R E A D  ---------------

Current thread (0x00000000187c0000):  JavaThread "C2 CompilerThread1" daemon [_thread_in_native, id=10860, stack(0x0000000019f10000,0x000000001a010000)]

Stack: [0x0000000019f10000,0x000000001a010000]
[error occurred during error reporting (printing stack bounds), id 0xc0000005]

Native frames: (J=compiled Java code, j=interpreted, Vv=VM code, C=native code)


Current CompileTask:
C2:   6799 8205 % !   4       com.android.ide.common.resources.DataMerger::mergeData @ 247 (611 bytes)


---------------  P R O C E S S  ---------------

Java Threads: ( => current thread )
  0x000000001a87f000 JavaThread "stdout" [_thread_in_native, id=260, stack(0x0000000029d40000,0x0000000029e40000)]
  0x000000001a87d800 JavaThread "stderr" [_thread_in_native, id=6072, stack(0x0000000029c40000,0x0000000029d40000)]
  0x000000001a87b800 JavaThread "stdout" [_thread_in_native, id=1692, stack(0x0000000029b40000,0x0000000029c40000)]
  0x000000001a87c000 JavaThread "stderr" [_thread_in_native, id=5724, stack(0x0000000029a40000,0x0000000029b40000)]
  0x000000001a880000 JavaThread "stdout" [_thread_in_native, id=10968, stack(0x0000000029940000,0x0000000029a40000)]
  0x000000001a87d000 JavaThread "stderr" [_thread_in_native, id=8760, stack(0x0000000029840000,0x0000000029940000)]
  0x000000001a873000 JavaThread "stdout" [_thread_in_native, id=19032, stack(0x0000000029740000,0x0000000029840000)]
  0x000000001a87a000 JavaThread "stderr" [_thread_in_native, id=6820, stack(0x0000000029640000,0x0000000029740000)]
  0x000000001a879000 JavaThread "stdout" [_thread_in_native, id=8756, stack(0x0000000029540000,0x0000000029640000)]
  0x000000001a877800 JavaThread "stderr" [_thread_in_native, id=4752, stack(0x0000000029440000,0x0000000029540000)]
  0x000000001a877000 JavaThread "stdout" [_thread_in_native, id=8412, stack(0x0000000029340000,0x0000000029440000)]
  0x000000001a876000 JavaThread "stderr" [_thread_in_native, id=32, stack(0x0000000029240000,0x0000000029340000)]
  0x000000001a875800 JavaThread "stdout" [_thread_in_native, id=2244, stack(0x0000000029140000,0x0000000029240000)]
  0x000000001a878800 JavaThread "stderr" [_thread_in_native, id=14192, stack(0x0000000029040000,0x0000000029140000)]
  0x000000001a874800 JavaThread "stdout" [_thread_in_native, id=13104, stack(0x0000000028f40000,0x0000000029040000)]
  0x000000001a874000 JavaThread "stderr" [_thread_in_native, id=6152, stack(0x0000000028e40000,0x0000000028f40000)]
  0x000000001e92e000 JavaThread "pool-2-thread-1" [_thread_blocked, id=13372, stack(0x0000000028d40000,0x0000000028e40000)]
  0x000000001e933800 JavaThread "WorkerExecutor Queue Thread 8" [_thread_blocked, id=8428, stack(0x0000000028c40000,0x0000000028d40000)]
  0x000000001e92c000 JavaThread "WorkerExecutor Queue Thread 7" [_thread_blocked, id=3612, stack(0x0000000028b40000,0x0000000028c40000)]
  0x000000001e92c800 JavaThread "WorkerExecutor Queue Thread 6" [_thread_blocked, id=17808, stack(0x0000000028a40000,0x0000000028b40000)]
  0x000000001e92d800 JavaThread "WorkerExecutor Queue Thread 5" [_thread_blocked, id=1168, stack(0x0000000028940000,0x0000000028a40000)]
  0x000000001e932000 JavaThread "WorkerExecutor Queue Thread 4" [_thread_blocked, id=3300, stack(0x0000000028840000,0x0000000028940000)]
  0x000000001e932800 JavaThread "WorkerExecutor Queue Thread 3" [_thread_blocked, id=15384, stack(0x0000000028740000,0x0000000028840000)]
  0x000000001e92f800 JavaThread "WorkerExecutor Queue Thread 2" [_thread_blocked, id=1404, stack(0x0000000028640000,0x0000000028740000)]
  0x000000001e930800 JavaThread "WorkerExecutor Queue" [_thread_blocked, id=8064, stack(0x0000000028540000,0x0000000028640000)]
  0x000000001e92f000 JavaThread "Cache worker for execution history cache (C:\Users\User\Desktop\Android_App\MedabinFinal\.gradle\6.1.1\executionHistory)" [_thread_blocked, id=13540, stack(0x0000000028240000,0x0000000028340000)]
  0x000000001e931000 JavaThread "Execution worker for ':' Thread 11" [_thread_blocked, id=6796, stack(0x0000000027d40000,0x0000000027e40000)]
  0x000000001e926800 JavaThread "Execution worker for ':' Thread 10" [_thread_blocked, id=18392, stack(0x0000000027c40000,0x0000000027d40000)]
  0x000000001e924800 JavaThread "Execution worker for ':' Thread 9" [_thread_blocked, id=6352, stack(0x0000000027b40000,0x0000000027c40000)]
  0x000000001e92a800 JavaThread "Execution worker for ':' Thread 8" [_thread_blocked, id=13768, stack(0x0000000027a40000,0x0000000027b40000)]
  0x000000001e92b000 JavaThread "Execution worker for ':' Thread 7" [_thread_blocked, id=12144, stack(0x0000000027940000,0x0000000027a40000)]
  0x000000001e929000 JavaThread "Execution worker for ':' Thread 6" [_thread_blocked, id=6448, stack(0x0000000027840000,0x0000000027940000)]
  0x000000001e928000 JavaThread "Execution worker for ':' Thread 5" [_thread_in_vm, id=19300, stack(0x0000000027740000,0x0000000027840000)]
  0x000000001e925000 JavaThread "Execution worker for ':' Thread 4" [_thread_blocked, id=11236, stack(0x0000000027640000,0x0000000027740000)]
  0x000000001e929800 JavaThread "Execution worker for ':' Thread 3" [_thread_blocked, id=2480, stack(0x0000000027540000,0x0000000027640000)]
  0x000000001e926000 JavaThread "Execution worker for ':' Thread 2" [_thread_blocked, id=13092, stack(0x0000000027440000,0x0000000027540000)]
  0x000000001e927800 JavaThread "Execution worker for ':'" [_thread_blocked, id=6908, stack(0x0000000026c70000,0x0000000026d70000)]
  0x000000001b90a800 JavaThread "Cache worker for file content cache (C:\Users\User\Desktop\Android_App\MedabinFinal\.gradle\6.1.1\fileContent)" [_thread_blocked, id=4988, stack(0x0000000026b70000,0x0000000026c70000)]
  0x000000001b90b000 JavaThread "Cache worker for file content cache (C:\Users\User\.gradle\caches\6.1.1\fileContent)" [_thread_blocked, id=5048, stack(0x0000000026a70000,0x0000000026b70000)]
  0x000000001b909800 JavaThread "Memory manager" [_thread_blocked, id=8088, stack(0x0000000025380000,0x0000000025480000)]
  0x000000001b90c000 JavaThread "Cache worker for Build Output Cleanup Cache (C:\Users\User\Desktop\Android_App\MedabinFinal\.gradle\buildOutputCleanup)" [_thread_blocked, id=844, stack(0x0000000025080000,0x0000000025180000)]
  0x000000001b903800 JavaThread "pool-1-thread-1" [_thread_blocked, id=9056, stack(0x0000000024ac0000,0x0000000024bc0000)]
  0x000000001b900800 JavaThread "Build operations Thread 12" [_thread_blocked, id=11292, stack(0x00000000247c0000,0x00000000248c0000)]
  0x000000001b905000 JavaThread "Build operations Thread 11" [_thread_blocked, id=1488, stack(0x00000000246c0000,0x00000000247c0000)]
  0x000000001b907800 JavaThread "Build operations Thread 10" [_thread_blocked, id=18964, stack(0x00000000245c0000,0x00000000246c0000)]
  0x000000001b906000 JavaThread "Build operations Thread 9" [_thread_blocked, id=16496, stack(0x00000000244c0000,0x00000000245c0000)]
  0x000000001b906800 JavaThread "Build operations Thread 8" [_thread_blocked, id=11796, stack(0x00000000243c0000,0x00000000244c0000)]
  0x000000001b8fd800 JavaThread "Build operations Thread 7" [_thread_blocked, id=9404, stack(0x00000000242c0000,0x00000000243c0000)]
  0x000000001b903000 JavaThread "Build operations Thread 6" [_thread_blocked, id=10736, stack(0x00000000241c0000,0x00000000242c0000)]
  0x000000001b8fe800 JavaThread "Build operations Thread 5" [_thread_blocked, id=16952, stack(0x00000000240c0000,0x00000000241c0000)]
  0x000000001b901800 JavaThread "Build operations Thread 4" [_thread_blocked, id=12660, stack(0x0000000023fc0000,0x00000000240c0000)]
  0x000000001b902000 JavaThread "Build operations Thread 3" [_thread_blocked, id=18768, stack(0x0000000023ec0000,0x0000000023fc0000)]
  0x000000001b900000 JavaThread "Build operations Thread 2" [_thread_blocked, id=8380, stack(0x0000000023ae0000,0x0000000023be0000)]
  0x000000001b8ff000 JavaThread "Build operations" [_thread_blocked, id=13080, stack(0x00000000239e0000,0x0000000023ae0000)]
  0x000000001c45b000 JavaThread "Cache worker for execution history cache (C:\Users\User\.gradle\caches\6.1.1\executionHistory)" [_thread_blocked, id=2248, stack(0x0000000021f10000,0x0000000022010000)]
  0x000000001c45a800 JavaThread "Cache worker for cache directory md-rule (C:\Users\User\.gradle\caches\6.1.1\md-rule)" [_thread_blocked, id=17952, stack(0x0000000020d70000,0x0000000020e70000)]
  0x000000001c45d800 JavaThread "Cache worker for cache directory md-supplier (C:\Users\User\.gradle\caches\6.1.1\md-supplier)" [_thread_blocked, id=2356, stack(0x00000000207d0000,0x00000000208d0000)]
  0x000000001c45c000 JavaThread "Cache worker for file hash cache (C:\Users\User\Desktop\Android_App\MedabinFinal\.gradle\6.1.1\fileHashes)" [_thread_blocked, id=2560, stack(0x0000000020a70000,0x0000000020b70000)]
  0x000000001c45c800 JavaThread "Cache worker for checksums cache (C:\Users\User\Desktop\Android_App\MedabinFinal\.gradle\checksums)" [_thread_blocked, id=12312, stack(0x0000000020970000,0x0000000020a70000)]
  0x000000001c458000 JavaThread "Cache worker for file hash cache (C:\Users\User\.gradle\caches\6.1.1\fileHashes)" [_thread_blocked, id=2568, stack(0x000000001e330000,0x000000001e430000)]
  0x000000001c459800 JavaThread "File lock request listener" [_thread_in_native, id=13796, stack(0x000000001e230000,0x000000001e330000)]
  0x000000001c457000 JavaThread "Cache worker for journal cache (C:\Users\User\.gradle\caches\journal-1)" [_thread_blocked, id=14140, stack(0x000000001e130000,0x000000001e230000)]
  0x000000001c0f4000 JavaThread "Thread-9" [_thread_blocked, id=12204, stack(0x000000001de30000,0x000000001df30000)]
  0x000000001c111800 JavaThread "Stdin handler" [_thread_blocked, id=6576, stack(0x000000001dd30000,0x000000001de30000)]
  0x000000001c0f1000 JavaThread "Asynchronous log dispatcher for DefaultDaemonConnection: socket connection from /127.0.0.1:57991 to /127.0.0.1:57992" [_thread_blocked, id=17316, stack(0x000000001dc30000,0x000000001dd30000)]
  0x000000001c141800 JavaThread "Daemon worker" [_thread_blocked, id=15496, stack(0x000000001db30000,0x000000001dc30000)]
  0x000000001c0fa800 JavaThread "Cancel handler" [_thread_blocked, id=2796, stack(0x000000001d930000,0x000000001da30000)]
  0x000000001c0c1000 JavaThread "Handler for socket connection from /127.0.0.1:57991 to /127.0.0.1:57992" [_thread_in_native, id=13196, stack(0x000000001d630000,0x000000001d730000)]
  0x000000001c0c0800 JavaThread "Daemon" [_thread_blocked, id=6848, stack(0x000000001d530000,0x000000001d630000)]
  0x000000001c09d800 JavaThread "Daemon periodic checks" [_thread_blocked, id=2344, stack(0x000000001d430000,0x000000001d530000)]
  0x000000001c04f000 JavaThread "Incoming local TCP Connector on port 57991" [_thread_in_native, id=3096, stack(0x000000001d1f0000,0x000000001d2f0000)]
  0x000000001bf91800 JavaThread "Daemon health stats" [_thread_blocked, id=6384, stack(0x000000001cbb0000,0x000000001ccb0000)]
  0x0000000018854800 JavaThread "Service Thread" daemon [_thread_blocked, id=11124, stack(0x000000001a210000,0x000000001a310000)]
  0x00000000187c5800 JavaThread "C1 CompilerThread3" daemon [_thread_blocked, id=6604, stack(0x000000001a110000,0x000000001a210000)]
  0x00000000187c5000 JavaThread "C2 CompilerThread2" daemon [_thread_in_native, id=10752, stack(0x000000001a010000,0x000000001a110000)]
=>0x00000000187c0000 JavaThread "C2 CompilerThread1" daemon [_thread_in_native, id=10860, stack(0x0000000019f10000,0x000000001a010000)]
  0x00000000187ba800 JavaThread "C2 CompilerThread0" daemon [_thread_in_native, id=1212, stack(0x0000000019e10000,0x0000000019f10000)]
  0x00000000170de800 JavaThread "Attach Listener" daemon [_thread_blocked, id=7148, stack(0x0000000019d10000,0x0000000019e10000)]
  0x00000000170dd800 JavaThread "Signal Dispatcher" daemon [_thread_blocked, id=10164, stack(0x0000000019c10000,0x0000000019d10000)]
  0x00000000170d1800 JavaThread "Finalizer" daemon [_thread_blocked, id=19260, stack(0x0000000019a10000,0x0000000019b10000)]
  0x00000000187a3000 JavaThread "Reference Handler" daemon [_thread_blocked, id=2632, stack(0x0000000019910000,0x0000000019a10000)]
  0x0000000003012800 JavaThread "main" [_thread_blocked, id=8752, stack(0x0000000002ee0000,0x0000000002fe0000)]

Other Threads:
  0x00000000170c6000 VMThread [stack: 0x0000000019810000,0x0000000019910000] [id=8376]
  0x0000000018855800 WatcherThread [stack: 0x000000001a310000,0x000000001a410000] [id=18772]

VM state:not at safepoint (normal execution)

VM Mutex/Monitor currently owned by a thread: None

heap address: 0x00000000a0000000, size: 1536 MB, Compressed Oops mode: 32-bit
Narrow klass base: 0x0000000000000000, Narrow klass shift: 3
Compressed class space size: 1073741824 Address: 0x0000000100000000

Heap:
 PSYoungGen      total 226304K, used 187038K [0x00000000e0000000, 0x00000000eeb80000, 0x0000000100000000)
  eden space 211456K, 81% used [0x00000000e0000000,0x00000000ea82a608,0x00000000ece80000)
  from space 14848K, 99% used [0x00000000ece80000,0x00000000edcfd4e0,0x00000000edd00000)
  to   space 12800K, 0% used [0x00000000edf00000,0x00000000edf00000,0x00000000eeb80000)
 ParOldGen       total 146944K, used 40186K [0x00000000a0000000, 0x00000000a8f80000, 0x00000000e0000000)
  object space 146944K, 27% used [0x00000000a0000000,0x00000000a273e878,0x00000000a8f80000)
 Metaspace       used 64816K, capacity 68984K, committed 69288K, reserved 1107968K
  class space    used 8979K, capacity 9798K, committed 9904K, reserved 1048576K

Card table byte_map: [0x00000000124d0000,0x00000000127e0000] byte_map_base: 0x0000000011fd0000

Marking Bits: (ParMarkBitMap*) 0x0000000070bdf030
 Begin Bits: [0x00000000133e0000, 0x0000000014be0000)
 End Bits:   [0x0000000014be0000, 0x00000000163e0000)

Polling page: 0x0000000000df0000

CodeCache: size=245760Kb used=24362Kb max_used=24787Kb free=221397Kb
 bounds [0x0000000003110000, 0x0000000004960000, 0x0000000012110000]
 total_blobs=8579 nmethods=7787 adapters=704
 compilation: enabled

Compilation events (10 events):
Event: 6.790 Thread 0x00000000187c5800 8747       2       org.gradle.internal.resources.ExclusiveAccessResourceLock::acquireLock (8 bytes)
Event: 6.790 Thread 0x00000000187c5800 nmethod 8747 0x00000000040bd250 code [0x00000000040bd3c0, 0x00000000040bd548]
Event: 6.794 Thread 0x00000000187c5800 8751       1       java.nio.charset.CharsetDecoder::implReplaceWith (1 bytes)
Event: 6.794 Thread 0x00000000187c5800 nmethod 8751 0x00000000039f7010 code [0x00000000039f7160, 0x00000000039f7270]
Event: 6.795 Thread 0x00000000187c5800 8752       2       com.google.common.cache.CacheBuilder$1::recordLoadSuccess (1 bytes)
Event: 6.795 Thread 0x00000000187c5800 nmethod 8752 0x00000000037c1ad0 code [0x00000000037c1c20, 0x00000000037c1d70]
Event: 6.795 Thread 0x00000000187c5800 8753       2       org.gradle.internal.service.DefaultServiceRegistry::isSatisfiedBy (61 bytes)
Event: 6.795 Thread 0x00000000187c5800 nmethod 8753 0x00000000040bc7d0 code [0x00000000040bc980, 0x00000000040bcd18]
Event: 6.797 Thread 0x00000000187c5800 8754       2       org.gradle.util.Path::equals (54 bytes)
Event: 6.797 Thread 0x00000000187c5800 nmethod 8754 0x00000000040bc310 code [0x00000000040bc480, 0x00000000040bc6a8]

GC Heap History (10 events):
Event: 2.777 GC heap before
{Heap before GC invocations=8 (full 2):
 PSYoungGen      total 224256K, used 9170K [0x00000000e0000000, 0x00000000eeb80000, 0x0000000100000000)
  eden space 211456K, 0% used [0x00000000e0000000,0x00000000e0000000,0x00000000ece80000)
  from space 12800K, 71% used [0x00000000edf00000,0x00000000ee7f49c0,0x00000000eeb80000)
  to   space 14848K, 0% used [0x00000000ece80000,0x00000000ece80000,0x00000000edd00000)
 ParOldGen       total 95232K, used 9940K [0x00000000a0000000, 0x00000000a5d00000, 0x00000000e0000000)
  object space 95232K, 10% used [0x00000000a0000000,0x00000000a09b50b8,0x00000000a5d00000)
 Metaspace       used 34562K, capacity 35402K, committed 35496K, reserved 1079296K
  class space    used 4746K, capacity 4972K, committed 5040K, reserved 1048576K
Event: 2.806 GC heap after
Heap after GC invocations=8 (full 2):
 PSYoungGen      total 224256K, used 0K [0x00000000e0000000, 0x00000000eeb80000, 0x0000000100000000)
  eden space 211456K, 0% used [0x00000000e0000000,0x00000000e0000000,0x00000000ece80000)
  from space 12800K, 0% used [0x00000000edf00000,0x00000000edf00000,0x00000000eeb80000)
  to   space 14848K, 0% used [0x00000000ece80000,0x00000000ece80000,0x00000000edd00000)
 ParOldGen       total 146944K, used 15613K [0x00000000a0000000, 0x00000000a8f80000, 0x00000000e0000000)
  object space 146944K, 10% used [0x00000000a0000000,0x00000000a0f3f608,0x00000000a8f80000)
 Metaspace       used 34562K, capacity 35402K, committed 35496K, reserved 1079296K
  class space    used 4746K, capacity 4972K, committed 5040K, reserved 1048576K
}
Event: 4.096 GC heap before
{Heap before GC invocations=9 (full 2):
 PSYoungGen      total 224256K, used 211456K [0x00000000e0000000, 0x00000000eeb80000, 0x0000000100000000)
  eden space 211456K, 100% used [0x00000000e0000000,0x00000000ece80000,0x00000000ece80000)
  from space 12800K, 0% used [0x00000000edf00000,0x00000000edf00000,0x00000000eeb80000)
  to   space 14848K, 0% used [0x00000000ece80000,0x00000000ece80000,0x00000000edd00000)
 ParOldGen       total 146944K, used 15613K [0x00000000a0000000, 0x00000000a8f80000, 0x00000000e0000000)
  object space 146944K, 10% used [0x00000000a0000000,0x00000000a0f3f608,0x00000000a8f80000)
 Metaspace       used 49744K, capacity 51532K, committed 51752K, reserved 1093632K
  class space    used 6664K, capacity 7097K, committed 7216K, reserved 1048576K
Event: 4.109 GC heap after
Heap after GC invocations=9 (full 2):
 PSYoungGen      total 226304K, used 14821K [0x00000000e0000000, 0x00000000eeb80000, 0x0000000100000000)
  eden space 211456K, 0% used [0x00000000e0000000,0x00000000e0000000,0x00000000ece80000)
  from space 14848K, 99% used [0x00000000ece80000,0x00000000edcf96f0,0x00000000edd00000)
  to   space 12800K, 0% used [0x00000000edf00000,0x00000000edf00000,0x00000000eeb80000)
 ParOldGen       total 146944K, used 24901K [0x00000000a0000000, 0x00000000a8f80000, 0x00000000e0000000)
  object space 146944K, 16% used [0x00000000a0000000,0x00000000a18516e0,0x00000000a8f80000)
 Metaspace       used 49744K, capacity 51532K, committed 51752K, reserved 1093632K
  class space    used 6664K, capacity 7097K, committed 7216K, reserved 1048576K
}
Event: 4.785 GC heap before
{Heap before GC invocations=10 (full 2):
 PSYoungGen      total 226304K, used 115187K [0x00000000e0000000, 0x00000000eeb80000, 0x0000000100000000)
  eden space 211456K, 47% used [0x00000000e0000000,0x00000000e62035a8,0x00000000ece80000)
  from space 14848K, 99% used [0x00000000ece80000,0x00000000edcf96f0,0x00000000edd00000)
  to   space 12800K, 0% used [0x00000000edf00000,0x00000000edf00000,0x00000000eeb80000)
 ParOldGen       total 146944K, used 24901K [0x00000000a0000000, 0x00000000a8f80000, 0x00000000e0000000)
  object space 146944K, 16% used [0x00000000a0000000,0x00000000a18516e0,0x00000000a8f80000)
 Metaspace       used 56902K, capacity 59062K, committed 59160K, reserved 1099776K
  class space    used 7819K, capacity 8315K, committed 8368K, reserved 1048576K
Event: 4.797 GC heap after
Heap after GC invocations=10 (full 2):
 PSYoungGen      total 224256K, used 12768K [0x00000000e0000000, 0x00000000eeb80000, 0x0000000100000000)
  eden space 211456K, 0% used [0x00000000e0000000,0x00000000e0000000,0x00000000ece80000)
  from space 12800K, 99% used [0x00000000edf00000,0x00000000eeb78060,0x00000000eeb80000)
  to   space 14848K, 0% used [0x00000000ece80000,0x00000000ece80000,0x00000000edd00000)
 ParOldGen       total 146944K, used 36808K [0x00000000a0000000, 0x00000000a8f80000, 0x00000000e0000000)
  object space 146944K, 25% used [0x00000000a0000000,0x00000000a23f2058,0x00000000a8f80000)
 Metaspace       used 56902K, capacity 59062K, committed 59160K, reserved 1099776K
  class space    used 7819K, capacity 8315K, committed 8368K, reserved 1048576K
}
Event: 4.797 GC heap before
{Heap before GC invocations=11 (full 3):
 PSYoungGen      total 224256K, used 12768K [0x00000000e0000000, 0x00000000eeb80000, 0x0000000100000000)
  eden space 211456K, 0% used [0x00000000e0000000,0x00000000e0000000,0x00000000ece80000)
  from space 12800K, 99% used [0x00000000edf00000,0x00000000eeb78060,0x00000000eeb80000)
  to   space 14848K, 0% used [0x00000000ece80000,0x00000000ece80000,0x00000000edd00000)
 ParOldGen       total 146944K, used 36808K [0x00000000a0000000, 0x00000000a8f80000, 0x00000000e0000000)
  object space 146944K, 25% used [0x00000000a0000000,0x00000000a23f2058,0x00000000a8f80000)
 Metaspace       used 56902K, capacity 59062K, committed 59160K, reserved 1099776K
  class space    used 7819K, capacity 8315K, committed 8368K, reserved 1048576K
Event: 4.972 GC heap after
Heap after GC invocations=11 (full 3):
 PSYoungGen      total 224256K, used 0K [0x00000000e0000000, 0x00000000eeb80000, 0x0000000100000000)
  eden space 211456K, 0% used [0x00000000e0000000,0x00000000e0000000,0x00000000ece80000)
  from space 12800K, 0% used [0x00000000edf00000,0x00000000edf00000,0x00000000eeb80000)
  to   space 14848K, 0% used [0x00000000ece80000,0x00000000ece80000,0x00000000edd00000)
 ParOldGen       total 146944K, used 36900K [0x00000000a0000000, 0x00000000a8f80000, 0x00000000e0000000)
  object space 146944K, 25% used [0x00000000a0000000,0x00000000a2409378,0x00000000a8f80000)
 Metaspace       used 56861K, capacity 58924K, committed 59160K, reserved 1099776K
  class space    used 7807K, capacity 8292K, committed 8368K, reserved 1048576K
}
Event: 5.875 GC heap before
{Heap before GC invocations=12 (full 3):
 PSYoungGen      total 224256K, used 211456K [0x00000000e0000000, 0x00000000eeb80000, 0x0000000100000000)
  eden space 211456K, 100% used [0x00000000e0000000,0x00000000ece80000,0x00000000ece80000)
  from space 12800K, 0% used [0x00000000edf00000,0x00000000edf00000,0x00000000eeb80000)
  to   space 14848K, 0% used [0x00000000ece80000,0x00000000ece80000,0x00000000edd00000)
 ParOldGen       total 146944K, used 36900K [0x00000000a0000000, 0x00000000a8f80000, 0x00000000e0000000)
  object space 146944K, 25% used [0x00000000a0000000,0x00000000a2409378,0x00000000a8f80000)
 Metaspace       used 62238K, capacity 66216K, committed 66344K, reserved 1105920K
  class space    used 8674K, capacity 9424K, committed 9520K, reserved 1048576K
Event: 5.886 GC heap after
Heap after GC invocations=12 (full 3):
 PSYoungGen      total 226304K, used 14837K [0x00000000e0000000, 0x00000000eeb80000, 0x0000000100000000)
  eden space 211456K, 0% used [0x00000000e0000000,0x00000000e0000000,0x00000000ece80000)
  from space 14848K, 99% used [0x00000000ece80000,0x00000000edcfd4e0,0x00000000edd00000)
  to   space 12800K, 0% used [0x00000000edf00000,0x00000000edf00000,0x00000000eeb80000)
 ParOldGen       total 146944K, used 40186K [0x00000000a0000000, 0x00000000a8f80000, 0x00000000e0000000)
  object space 146944K, 27% used [0x00000000a0000000,0x00000000a273e878,0x00000000a8f80000)
 Metaspace       used 62238K, capacity 66216K, committed 66344K, reserved 1105920K
  class space    used 8674K, capacity 9424K, committed 9520K, reserved 1048576K
}

Deoptimization events (10 events):
Event: 6.631 Thread 0x000000001e925000 Uncommon trap: reason=bimorphic action=maybe_recompile pc=0x00000000048a8bc0 method=com.sun.org.apache.xerces.internal.dom.NodeImpl.ownerDocument()Lcom/sun/org/apache/xerces/internal/dom/CoreDocumentImpl; @ 11
Event: 6.631 Thread 0x000000001e925000 Uncommon trap: reason=unstable_if action=reinterpret pc=0x000000000491a024 method=com.sun.org.apache.xerces.internal.dom.ParentNode.nodeListItem(I)Lorg/w3c/dom/Node; @ 76
Event: 6.634 Thread 0x000000001e925000 Uncommon trap: reason=bimorphic action=maybe_recompile pc=0x00000000048f98f4 method=com.android.ide.common.resources.NodeUtils.processSingleNodeNamespace(Lorg/w3c/dom/Node;Lorg/w3c/dom/Document;)Z @ 100
Event: 6.634 Thread 0x000000001e925000 Uncommon trap: reason=bimorphic action=maybe_recompile pc=0x00000000048f98f4 method=com.android.ide.common.resources.NodeUtils.processSingleNodeNamespace(Lorg/w3c/dom/Node;Lorg/w3c/dom/Document;)Z @ 100
Event: 6.634 Thread 0x000000001e925000 Uncommon trap: reason=bimorphic action=maybe_recompile pc=0x00000000048f98f4 method=com.android.ide.common.resources.NodeUtils.processSingleNodeNamespace(Lorg/w3c/dom/Node;Lorg/w3c/dom/Document;)Z @ 100
Event: 6.634 Thread 0x000000001e925000 Uncommon trap: reason=bimorphic action=maybe_recompile pc=0x00000000048f98f4 method=com.android.ide.common.resources.NodeUtils.processSingleNodeNamespace(Lorg/w3c/dom/Node;Lorg/w3c/dom/Document;)Z @ 100
Event: 6.654 Thread 0x000000001e925000 Uncommon trap: reason=unstable_if action=reinterpret pc=0x0000000004911b78 method=com.android.utils.XmlUtils.toXmlAttributeValue(Ljava/lang/String;)Ljava/lang/String; @ 33
Event: 6.670 Thread 0x000000001e925000 Uncommon trap: reason=unstable_if action=reinterpret pc=0x00000000034414b0 method=java.lang.Character.isSurrogate(C)Z @ 3
Event: 6.744 Thread 0x000000001e929800 Uncommon trap: reason=unstable_if action=reinterpret pc=0x00000000046af1e8 method=java.util.HashMap$HashIterator.<init>(Ljava/util/HashMap;)V @ 45
Event: 6.797 Thread 0x000000001e924800 Uncommon trap: reason=unstable_if action=reinterpret pc=0x00000000034ba404 method=java.util.concurrent.ConcurrentLinkedQueue.poll()Ljava/lang/Object; @ 25

Classes redefined (0 events):
No events

Internal exceptions (10 events):
Event: 5.739 Thread 0x000000001c0f4000 Exception <a 'java/lang/NoSuchMethodError': <clinit>> (0x00000000e0379a48) thrown at [C:\src\AOSP-openjdk-git\hotspot\src\share\vm\prims\jni.cpp, line 1615]
Event: 5.770 Thread 0x000000001c0f4000 Exception <a 'java/lang/NoSuchMethodError': <clinit>> (0x00000000e0386868) thrown at [C:\src\AOSP-openjdk-git\hotspot\src\share\vm\prims\jni.cpp, line 1615]
Event: 6.084 Thread 0x000000001e925000 Implicit null exception at 0x000000000402861e to 0x00000000040287a1
Event: 6.142 Thread 0x000000001e925000 Implicit null exception at 0x000000000476723c to 0x0000000004767441
Event: 6.465 Thread 0x000000001e925000 Implicit null exception at 0x0000000004800ba5 to 0x0000000004800e65
Event: 6.529 Thread 0x000000001e925000 Implicit null exception at 0x00000000048e7e97 to 0x00000000048e81f5
Event: 6.715 Thread 0x000000001e925000 Exception <a 'java/lang/NoSuchMethodError': <clinit>> (0x00000000e916c750) thrown at [C:\src\AOSP-openjdk-git\hotspot\src\share\vm\prims\jni.cpp, line 1615]
Event: 6.715 Thread 0x000000001e925000 Exception <a 'java/lang/NoSuchMethodError': <clinit>> (0x00000000e917d070) thrown at [C:\src\AOSP-openjdk-git\hotspot\src\share\vm\prims\jni.cpp, line 1615]
Event: 6.716 Thread 0x000000001e925000 Exception <a 'java/lang/NoSuchMethodError': <clinit>> (0x00000000e918d490) thrown at [C:\src\AOSP-openjdk-git\hotspot\src\share\vm\prims\jni.cpp, line 1615]
Event: 6.717 Thread 0x000000001e925000 Exception <a 'java/lang/NoSuchMethodError': <clinit>> (0x00000000e91a0ce8) thrown at [C:\src\AOSP-openjdk-git\hotspot\src\share\vm\prims\jni.cpp, line 1615]

Events (10 events):
Event: 6.789 loading class com/android/builder/internal/aapt/v2/Aapt2DaemonUtil done
Event: 6.790 loading class com/android/builder/internal/aapt/AaptException
Event: 6.790 loading class com/android/builder/internal/aapt/AaptException done
Event: 6.790 loading class com/android/builder/internal/aapt/v2/AaptV2CommandBuilder
Event: 6.790 loading class com/android/builder/internal/aapt/v2/AaptV2CommandBuilder done
Event: 6.794 Thread 0x000000001a87d800 Thread added: 0x000000001a87d800
Event: 6.794 Thread 0x000000001a87f000 Thread added: 0x000000001a87f000
Event: 6.797 Thread 0x000000001e924800 Uncommon trap: trap_request=0xffffff65 fr.pc=0x00000000034ba404
Event: 6.797 Thread 0x000000001e924800 DEOPT PACKING pc=0x00000000034ba404 sp=0x0000000027c3d700
Event: 6.797 Thread 0x000000001e924800 DEOPT UNPACKING pc=0x000000000315557b sp=0x0000000027c3d628 mode 2


Dynamic libraries:
0x00007ff7591f0000 - 0x00007ff759221000 	C:\Program Files\Android\Android Studio\jre\bin\java.exe
0x00007ff9057c0000 - 0x00007ff9059b0000 	C:\WINDOWS\SYSTEM32\ntdll.dll
0x00007ff9041d0000 - 0x00007ff904282000 	C:\WINDOWS\System32\KERNEL32.DLL
0x00007ff902740000 - 0x00007ff9029e4000 	C:\WINDOWS\System32\KERNELBASE.dll
0x00007ff9045f0000 - 0x00007ff904693000 	C:\WINDOWS\System32\ADVAPI32.dll
0x00007ff904540000 - 0x00007ff9045de000 	C:\WINDOWS\System32\msvcrt.dll
0x00007ff903fd0000 - 0x00007ff904067000 	C:\WINDOWS\System32\sechost.dll
0x00007ff904860000 - 0x00007ff904980000 	C:\WINDOWS\System32\RPCRT4.dll
0x00007ff904330000 - 0x00007ff9044c4000 	C:\WINDOWS\System32\USER32.dll
0x00007ff9030b0000 - 0x00007ff9030d1000 	C:\WINDOWS\System32\win32u.dll
0x00007ff903f40000 - 0x00007ff903f66000 	C:\WINDOWS\System32\GDI32.dll
0x00007ff902d10000 - 0x00007ff902ea6000 	C:\WINDOWS\System32\gdi32full.dll
0x00007ff902c70000 - 0x00007ff902d0e000 	C:\WINDOWS\System32\msvcp_win.dll
0x00007ff902f80000 - 0x00007ff90307a000 	C:\WINDOWS\System32\ucrtbase.dll
0x00007ff8f26b0000 - 0x00007ff8f2934000 	C:\WINDOWS\WinSxS\amd64_microsoft.windows.common-controls_6595b64144ccf1df_6.0.18362.959_none_e6c7bbbf130c62bb\COMCTL32.dll
0x00007ff9050f0000 - 0x00007ff905425000 	C:\WINDOWS\System32\combase.dll
0x00007ff902b40000 - 0x00007ff902bc0000 	C:\WINDOWS\System32\bcryptPrimitives.dll
0x00007ff9046a0000 - 0x00007ff9046ce000 	C:\WINDOWS\System32\IMM32.DLL
0x0000000070250000 - 0x0000000070322000 	C:\Program Files\Android\Android Studio\jre\jre\bin\msvcr100.dll
0x0000000070410000 - 0x0000000070c5b000 	C:\Program Files\Android\Android Studio\jre\jre\bin\server\jvm.dll
0x00007ff905570000 - 0x00007ff905578000 	C:\WINDOWS\System32\PSAPI.DLL
0x00007ff8fbed0000 - 0x00007ff8fbeda000 	C:\WINDOWS\SYSTEM32\VERSION.dll
0x00007ff900480000 - 0x00007ff9004a4000 	C:\WINDOWS\SYSTEM32\WINMM.dll
0x00007ff8e7330000 - 0x00007ff8e7339000 	C:\WINDOWS\SYSTEM32\WSOCK32.dll
0x00007ff905500000 - 0x00007ff90556f000 	C:\WINDOWS\System32\WS2_32.dll
0x00007ff900450000 - 0x00007ff90047d000 	C:\WINDOWS\SYSTEM32\winmmbase.dll
0x00007ff902c20000 - 0x00007ff902c6a000 	C:\WINDOWS\System32\cfgmgr32.dll
0x00007ff900820000 - 0x00007ff90082f000 	C:\Program Files\Android\Android Studio\jre\jre\bin\verify.dll
0x00007ff9007e0000 - 0x00007ff900809000 	C:\Program Files\Android\Android Studio\jre\jre\bin\java.dll
0x00007ff9007b0000 - 0x00007ff9007c6000 	C:\Program Files\Android\Android Studio\jre\jre\bin\zip.dll
0x00007ff904a00000 - 0x00007ff9050e6000 	C:\WINDOWS\System32\SHELL32.dll
0x00007ff903870000 - 0x00007ff903919000 	C:\WINDOWS\System32\shcore.dll
0x00007ff9030e0000 - 0x00007ff903862000 	C:\WINDOWS\System32\windows.storage.dll
0x00007ff9026a0000 - 0x00007ff9026c3000 	C:\WINDOWS\System32\profapi.dll
0x00007ff9026d0000 - 0x00007ff90271a000 	C:\WINDOWS\System32\powrprof.dll
0x00007ff902670000 - 0x00007ff902680000 	C:\WINDOWS\System32\UMPDC.dll
0x00007ff904800000 - 0x00007ff904852000 	C:\WINDOWS\System32\shlwapi.dll
0x00007ff902680000 - 0x00007ff902691000 	C:\WINDOWS\System32\kernel.appcore.dll
0x00007ff902f60000 - 0x00007ff902f77000 	C:\WINDOWS\System32\cryptsp.dll
0x00007ff900790000 - 0x00007ff9007aa000 	C:\Program Files\Android\Android Studio\jre\jre\bin\net.dll
0x00007ff901ee0000 - 0x00007ff901f47000 	C:\WINDOWS\system32\mswsock.dll
0x00007ff900770000 - 0x00007ff900783000 	C:\Program Files\Android\Android Studio\jre\jre\bin\nio.dll
0x00007ff8ece70000 - 0x00007ff8ece96000 	C:\Users\User\.gradle\native\31\windows-amd64\native-platform.dll
0x00007ff900760000 - 0x00007ff90076d000 	C:\Program Files\Android\Android Studio\jre\jre\bin\management.dll
0x00007ff901a50000 - 0x00007ff901a83000 	C:\WINDOWS\system32\rsaenh.dll
0x00007ff903080000 - 0x00007ff9030a6000 	C:\WINDOWS\System32\bcrypt.dll
0x00007ff902560000 - 0x00007ff902585000 	C:\WINDOWS\SYSTEM32\USERENV.dll
0x00007ff9020b0000 - 0x00007ff9020bc000 	C:\WINDOWS\SYSTEM32\CRYPTBASE.dll
0x00007ff901bf0000 - 0x00007ff901c2a000 	C:\WINDOWS\SYSTEM32\IPHLPAPI.DLL
0x00007ff905770000 - 0x00007ff905778000 	C:\WINDOWS\System32\NSI.dll
0x00007ff8fc140000 - 0x00007ff8fc156000 	C:\WINDOWS\SYSTEM32\dhcpcsvc6.DLL
0x00007ff8fc2e0000 - 0x00007ff8fc2fc000 	C:\WINDOWS\SYSTEM32\dhcpcsvc.DLL
0x00007ff901c30000 - 0x00007ff901cfb000 	C:\WINDOWS\SYSTEM32\DNSAPI.dll

VM Arguments:
jvm_args: -Xmx1536m -Dfile.encoding=windows-1252 -Duser.country=US -Duser.language=en -Duser.variant 
java_command: org.gradle.launcher.daemon.bootstrap.GradleDaemon 6.1.1
java_class_path (initial): C:\Users\User\.gradle\wrapper\dists\gradle-6.1.1-all\cfmwm155h49vnt3hynmlrsdst\gradle-6.1.1\lib\gradle-launcher-6.1.1.jar
Launcher Type: SUN_STANDARD

Environment Variables:
PATH=C:\app\User\product\11.2.0\dbhome_1\bin;C:\Users\User\Anaconda3;C:\Users\User\Anaconda3\Library\mingw-w64\bin;C:\Users\User\Anaconda3\Library\usr\bin;C:\Users\User\Anaconda3\Library\bin;C:\Users\User\Anaconda3\Scripts;C:\Users\User\AppData\Local\Microsoft\WindowsApps;C:\Program Files\JetBrains\PyCharm Community Edition 2019.2.4\bin;C:\Users\User\AppData\Local\Programs\MiKTeX 2.9\miktex\bin\x64\;C:\Program Files\JetBrains\PyCharm 2019.3.3\bin;C:\Users\User\AppData\Roaming\npm;C:\Users\User\AppData\Local\atom\bin;C:\Users\User\AppData\Local\Microsoft\WindowsApps;C:\Users\User\AppData\Local\GitHubDesktop\bin;C:\Users\User\AppData\Local\Programs\Microsoft VS Code\bin
USERNAME=User
OS=Windows_NT
PROCESSOR_IDENTIFIER=Intel64 Family 6 Model 158 Stepping 13, GenuineIntel



---------------  S Y S T E M  ---------------

OS: Windows 10.0 , 64 bit Build 18362 (10.0.18362.959)

CPU:total 12 (initial active 12) (6 cores per cpu, 2 threads per core) family 6 model 158 stepping 13, cmov, cx8, fxsr, mmx, sse, sse2, sse3, ssse3, sse4.1, sse4.2, popcnt, avx, avx2, aes, clmul, erms, 3dnowpref, lzcnt, ht, tsc, tscinvbit, bmi1, bmi2, adx

Memory: 4k page, physical 16620484k(6579168k free), swap 16620484k(72k free)

vm_info: OpenJDK 64-Bit Server VM (25.242-b01) for windows-amd64 JRE (1.8.0_242-release-1644-b01), built by "builder" with MS VC++ 10.0 (VS2010)

time: Fri Aug 28 05:18:08 2020
timezone: Bangladesh Standard Time
elapsed time: 6 seconds (0d 0h 0m 6s)

